<?xml version="1.0" encoding="UTF-8"?>
<testsuite xmlns:xsi="http://www.w3.org/2001/XMLSchema-instance" xsi:noNamespaceSchemaLocation="https://maven.apache.org/surefire/maven-failsafe-plugin/xsd/failsafe-test-report-3.0.xsd" version="3.0" name="tpi135_2023.ingenieria.occ.ues.edu.sv.Delivery.entity.ComercioIT" time="66.563" tests="6" errors="0" skipped="0" failures="0">
  <properties>
[...]
</properties>
  <testcase name="crearTest" classname="tpi135_2023.ingenieria.occ.ues.edu.sv.Delivery.entity.ComercioIT" time="4.885">
    <system-out><![CDATA[Comercio - lanzarPayara
Comercio - crear
]]></system-out>
    <system-err><![CDATA[log4j:WARN No appenders could be found for logger (org.testcontainers.utility.TestcontainersConfiguration).
log4j:WARN Please initialize the log4j system properly.
log4j:WARN See http://logging.apache.org/log4j/1.2/faq.html#noconfig for more info.
abr. 11, 2023 7:20:08 P. M. com.sun.enterprise.v3.server.CommonClassLoaderServiceImpl findH2Client
INFO: Cannot find h2db client jar file, h2 jdbc driver will not be available by default.
]]></system-err>
  </testcase>
  <testcase name="findByIdTest" classname="tpi135_2023.ingenieria.occ.ues.edu.sv.Delivery.entity.ComercioIT" time="0.295">
    <system-out><![CDATA[Comercio - findById
]]></system-out>
  </testcase>
  <testcase name="crearTipoComercioTest" classname="tpi135_2023.ingenieria.occ.ues.edu.sv.Delivery.entity.ComercioIT" time="0.164">
    <system-out><![CDATA[Comercio - crearTipoComercio
]]></system-out>
  </testcase>
  <testcase name="validarTipoVacioTest" classname="tpi135_2023.ingenieria.occ.ues.edu.sv.Delivery.entity.ComercioIT" time="0.154">
    <system-out><![CDATA[Comercio - validarTipoVacio
]]></system-out>
  </testcase>
  <testcase name="validarTipoLlenoTest" classname="tpi135_2023.ingenieria.occ.ues.edu.sv.Delivery.entity.ComercioIT" time="0.073">
    <system-out><![CDATA[Comercio - validarTipoLleno
]]></system-out>
  </testcase>
  <testcase name="crearSucursalTest" classname="tpi135_2023.ingenieria.occ.ues.edu.sv.Delivery.entity.ComercioIT" time="0.986">
    <system-out><![CDATA[Comercio - crearSucursal
]]></system-out>
  </testcase>
</testsuite>