<?xml version="1.0" encoding="UTF-8"?>
<testsuite xmlns:xsi="http://www.w3.org/2001/XMLSchema-instance" xsi:noNamespaceSchemaLocation="https://maven.apache.org/surefire/maven-failsafe-plugin/xsd/failsafe-test-report-3.0.xsd" version="3.0" name="tpi135_2023.ingenieria.occ.ues.edu.sv.Delivery.entity.ComercioIT" time="45.851" tests="1" errors="0" skipped="0" failures="0">
  <properties>
[...]
</properties>
  <testcase name="tipoComercioTest" classname="tpi135_2023.ingenieria.occ.ues.edu.sv.Delivery.entity.ComercioIT" time="0.084">
    <system-out><![CDATA[Comercio - lanzarPayara
El estado de la peticion exitosa es 200
El estado de la peticion fallida es 404
paso prueba peña200
]]></system-out>
    <system-err><![CDATA[log4j:WARN No appenders could be found for logger (org.testcontainers.utility.TestcontainersConfiguration).
log4j:WARN Please initialize the log4j system properly.
log4j:WARN See http://logging.apache.org/log4j/1.2/faq.html#noconfig for more info.
abr. 08, 2023 11:08:08 A. M. com.sun.enterprise.v3.server.CommonClassLoaderServiceImpl findH2Client
INFO: Cannot find h2db client jar file, h2 jdbc driver will not be available by default.
abr. 08, 2023 11:08:10 A. M. org.eclipse.persistence.session./file:/C:/Users/Mariana/OneDrive/Escritorio/Proyecto/DeliveryGroup/Delivery/target/classes/_deliveryPU
INFO: EclipseLink, version: Eclipse Persistence Services - 2.7.9.v20210604-2c549e2208
abr. 08, 2023 11:08:20 A. M. org.eclipse.persistence.session./file:/C:/Users/Mariana/OneDrive/Escritorio/Proyecto/DeliveryGroup/Delivery/target/classes/_deliveryPU.server
WARNING: Failed to find MBean Server: null or empty List returned from MBeanServerFactory.findMBeanServer(null)
]]></system-err>
  </testcase>
</testsuite>